# JRE version: OpenJDK Runtime Environment (8.0_101-b14) (build 1.8.0_101-b14)
# Java VM: OpenJDK 64-Bit Server VM (25.101-b14 mixed mode linux-amd64 compressed oops)
Heap:
 PSYoungGen      total 232960K, used 28683K [0x00000000eab00000, 0x0000000100000000, 0x0000000100000000)
  eden space 116736K, 17% used [0x00000000eab00000,0x00000000ebea6f60,0x00000000f1d00000)
  from space 116224K, 7% used [0x00000000f1d00000,0x00000000f255c010,0x00000000f8e80000)
  to   space 116224K, 0% used [0x00000000f8e80000,0x00000000f8e80000,0x0000000100000000)
 ParOldGen       total 699392K, used 545703K [0x00000000c0000000, 0x00000000eab00000, 0x00000000eab00000)
  object space 699392K, 78% used [0x00000000c0000000,0x00000000e14e9f08,0x00000000eab00000)
 Metaspace       used 124877K, capacity 130330K, committed 134744K, reserved 1165312K
  class space    used 15327K, capacity 16119K, committed 18048K, reserved 1048576K
GC Heap History (10 events):
Event: 3779,363 GC heap before
{Heap before GC invocations=120 (full 19):
 PSYoungGen      total 231424K, used 200527K [0x00000000eab00000, 0x0000000100000000, 0x0000000100000000)
  eden space 117760K, 100% used [0x00000000eab00000,0x00000000f1e00000,0x00000000f1e00000)
  from space 113664K, 72% used [0x00000000f1e00000,0x00000000f6ed3cb0,0x00000000f8d00000)
  to   space 116224K, 0% used [0x00000000f8e80000,0x00000000f8e80000,0x0000000100000000)
 ParOldGen       total 699392K, used 426737K [0x00000000c0000000, 0x00000000eab00000, 0x00000000eab00000)
  object space 699392K, 61% used [0x00000000c0000000,0x00000000da0bc540,0x00000000eab00000)
 Metaspace       used 126463K, capacity 133022K, committed 134744K, reserved 1165312K
  class space    used 15616K, capacity 16604K, committed 18048K, reserved 1048576K
Event: 3779,428 GC heap after
Heap after GC invocations=120 (full 19):
 PSYoungGen      total 232960K, used 116207K [0x00000000eab00000, 0x0000000100000000, 0x0000000100000000)
  eden space 116736K, 0% used [0x00000000eab00000,0x00000000eab00000,0x00000000f1d00000)
  from space 116224K, 99% used [0x00000000f8e80000,0x00000000ffffbfd0,0x0000000100000000)
  to   space 116224K, 0% used [0x00000000f1d00000,0x00000000f1d00000,0x00000000f8e80000)
 ParOldGen       total 699392K, used 440707K [0x00000000c0000000, 0x00000000eab00000, 0x00000000eab00000)
  object space 699392K, 63% used [0x00000000c0000000,0x00000000dae60e10,0x00000000eab00000)
 Metaspace       used 126463K, capacity 133022K, committed 134744K, reserved 1165312K
  class space    used 15616K, capacity 16604K, committed 18048K, reserved 1048576K
}
Event: 3779,538 GC heap before
{Heap before GC invocations=121 (full 19):
 PSYoungGen      total 232960K, used 149590K [0x00000000eab00000, 0x0000000100000000, 0x0000000100000000)
  eden space 116736K, 28% used [0x00000000eab00000,0x00000000ecb99bd0,0x00000000f1d00000)
  from space 116224K, 99% used [0x00000000f8e80000,0x00000000ffffbfd0,0x0000000100000000)
  to   space 116224K, 0% used [0x00000000f1d00000,0x00000000f1d00000,0x00000000f8e80000)
 ParOldGen       total 699392K, used 440707K [0x00000000c0000000, 0x00000000eab00000, 0x00000000eab00000)
  object space 699392K, 63% used [0x00000000c0000000,0x00000000dae60e10,0x00000000eab00000)
 Metaspace       used 126476K, capacity 133022K, committed 134744K, reserved 1165312K
  class space    used 15616K, capacity 16604K, committed 18048K, reserved 1048576K
Event: 3779,586 GC heap after
Heap after GC invocations=121 (full 19):
 PSYoungGen      total 232960K, used 116208K [0x00000000eab00000, 0x0000000100000000, 0x0000000100000000)
  eden space 116736K, 0% used [0x00000000eab00000,0x00000000eab00000,0x00000000f1d00000)
  from space 116224K, 99% used [0x00000000f1d00000,0x00000000f8e7c170,0x00000000f8e80000)
  to   space 116224K, 0% used [0x00000000f8e80000,0x00000000f8e80000,0x0000000100000000)
 ParOldGen       total 699392K, used 442183K [0x00000000c0000000, 0x00000000eab00000, 0x00000000eab00000)
  object space 699392K, 63% used [0x00000000c0000000,0x00000000dafd1e80,0x00000000eab00000)
 Metaspace       used 126476K, capacity 133022K, committed 134744K, reserved 1165312K
  class space    used 15616K, capacity 16604K, committed 18048K, reserved 1048576K
}
Event: 3779,586 GC heap before
{Heap before GC invocations=122 (full 20):
 PSYoungGen      total 232960K, used 116208K [0x00000000eab00000, 0x0000000100000000, 0x0000000100000000)
  eden space 116736K, 0% used [0x00000000eab00000,0x00000000eab00000,0x00000000f1d00000)
  from space 116224K, 99% used [0x00000000f1d00000,0x00000000f8e7c170,0x00000000f8e80000)
  to   space 116224K, 0% used [0x00000000f8e80000,0x00000000f8e80000,0x0000000100000000)
 ParOldGen       total 699392K, used 442183K [0x00000000c0000000, 0x00000000eab00000, 0x00000000eab00000)
  object space 699392K, 63% used [0x00000000c0000000,0x00000000dafd1e80,0x00000000eab00000)
 Metaspace       used 126476K, capacity 133022K, committed 134744K, reserved 1165312K
  class space    used 15616K, capacity 16604K, committed 18048K, reserved 1048576K
Event: 3780,828 GC heap after
Heap after GC invocations=122 (full 20):
 PSYoungGen      total 232960K, used 0K [0x00000000eab00000, 0x0000000100000000, 0x0000000100000000)
  eden space 116736K, 0% used [0x00000000eab00000,0x00000000eab00000,0x00000000f1d00000)
  from space 116224K, 0% used [0x00000000f1d00000,0x00000000f1d00000,0x00000000f8e80000)
  to   space 116224K, 0% used [0x00000000f8e80000,0x00000000f8e80000,0x0000000100000000)
 ParOldGen       total 699392K, used 545695K [0x00000000c0000000, 0x00000000eab00000, 0x00000000eab00000)
  object space 699392K, 78% used [0x00000000c0000000,0x00000000e14e7f08,0x00000000eab00000)
 Metaspace       used 124459K, capacity 129680K, committed 134744K, reserved 1165312K
  class space    used 15266K, capacity 16006K, committed 18048K, reserved 1048576K
}
Event: 3809,313 GC heap before
{Heap before GC invocations=123 (full 20):
 PSYoungGen      total 232960K, used 116736K [0x00000000eab00000, 0x0000000100000000, 0x0000000100000000)
  eden space 116736K, 100% used [0x00000000eab00000,0x00000000f1d00000,0x00000000f1d00000)
  from space 116224K, 0% used [0x00000000f1d00000,0x00000000f1d00000,0x00000000f8e80000)
  to   space 116224K, 0% used [0x00000000f8e80000,0x00000000f8e80000,0x0000000100000000)
 ParOldGen       total 699392K, used 545695K [0x00000000c0000000, 0x00000000eab00000, 0x00000000eab00000)
  object space 699392K, 78% used [0x00000000c0000000,0x00000000e14e7f08,0x00000000eab00000)
 Metaspace       used 124645K, capacity 129998K, committed 134744K, reserved 1165312K
  class space    used 15297K, capacity 16055K, committed 18048K, reserved 1048576K
Event: 3809,320 GC heap after
Heap after GC invocations=123 (full 20):
 PSYoungGen      total 232960K, used 5536K [0x00000000eab00000, 0x0000000100000000, 0x0000000100000000)
  eden space 116736K, 0% used [0x00000000eab00000,0x00000000eab00000,0x00000000f1d00000)
  from space 116224K, 4% used [0x00000000f8e80000,0x00000000f93e8000,0x0000000100000000)
  to   space 116224K, 0% used [0x00000000f1d00000,0x00000000f1d00000,0x00000000f8e80000)
 ParOldGen       total 699392K, used 545695K [0x00000000c0000000, 0x00000000eab00000, 0x00000000eab00000)
  object space 699392K, 78% used [0x00000000c0000000,0x00000000e14e7f08,0x00000000eab00000)
 Metaspace       used 124645K, capacity 129998K, committed 134744K, reserved 1165312K
  class space    used 15297K, capacity 16055K, committed 18048K, reserved 1048576K
}
Event: 3809,953 GC heap before
{Heap before GC invocations=124 (full 20):
 PSYoungGen      total 232960K, used 122272K [0x00000000eab00000, 0x0000000100000000, 0x0000000100000000)
  eden space 116736K, 100% used [0x00000000eab00000,0x00000000f1d00000,0x00000000f1d00000)
  from space 116224K, 4% used [0x00000000f8e80000,0x00000000f93e8000,0x0000000100000000)
  to   space 116224K, 0% used [0x00000000f1d00000,0x00000000f1d00000,0x00000000f8e80000)
 ParOldGen       total 699392K, used 545695K [0x00000000c0000000, 0x00000000eab00000, 0x00000000eab00000)
  object space 699392K, 78% used [0x00000000c0000000,0x00000000e14e7f08,0x00000000eab00000)
 Metaspace       used 124699K, capacity 130062K, committed 134744K, reserved 1165312K
  class space    used 15303K, capacity 16065K, committed 18048K, reserved 1048576K
Event: 3809,964 GC heap after
Heap after GC invocations=124 (full 20):
 PSYoungGen      total 232960K, used 8560K [0x00000000eab00000, 0x0000000100000000, 0x0000000100000000)
  eden space 116736K, 0% used [0x00000000eab00000,0x00000000eab00000,0x00000000f1d00000)
  from space 116224K, 7% used [0x00000000f1d00000,0x00000000f255c010,0x00000000f8e80000)
  to   space 116224K, 0% used [0x00000000f8e80000,0x00000000f8e80000,0x0000000100000000)
 ParOldGen       total 699392K, used 545703K [0x00000000c0000000, 0x00000000eab00000, 0x00000000eab00000)
  object space 699392K, 78% used [0x00000000c0000000,0x00000000e14e9f08,0x00000000eab00000)
 Metaspace       used 124699K, capacity 130062K, committed 134744K, reserved 1165312K
  class space    used 15303K, capacity 16065K, committed 18048K, reserved 1048576K
}

